This is pdfTeX, Version 3.141592653-2.6-1.40.26 (MiKTeX 24.4) (preloaded format=pdflatex 2024.7.29)  29 JUL 2024 13:48
entering extended mode
 restricted \write18 enabled.
 file:line:error style messages enabled.
 %&-line parsing enabled.
**z:/home/Vandy/Latex/EverythingTwo/Chapters/intro/Introduction.tex
(z:/home/Vandy/Latex/EverythingTwo/Chapters/intro/Introduction.tex
LaTeX2e <2024-06-01> patch level 2
L3 programming layer <2024-05-27>
(C:\Users\micha\AppData\Local\Programs\MiKTeX\tex/latex/subfiles\subfiles.cls
Document Class: subfiles 2020/11/14 v2.2 Multi-file projects (class)
Preamble taken from file `../../main.tex'
(C:\Users\micha\AppData\Local\Programs\MiKTeX\tex/latex/import\import.sty
Package: import 2020/04/01  v 6.2
)

! LaTeX Error: File `../../main.tex' not found.

Type X to quit or <RETURN> to proceed,
or enter new name. (Default extension: tex)

Enter file name: 
C:\Users\micha\AppData\Local\Programs\MiKTeX\tex/latex/subfiles\subfiles.cls:45: Emergency stop.
<read *> 
         
l.45 \input{\preamble@file}
                           ^^M
*** (cannot \read from terminal in nonstop modes)

 
Here is how much of TeX's memory you used:
 78 strings out of 473904
 1985 string characters out of 5726600
 1925908 words of memory out of 5000000
 23034 multiletter control sequences out of 15000+600000
 558069 words of font info for 36 fonts, out of 8000000 for 9000
 1141 hyphenation exceptions out of 8191
 42i,0n,55p,199b,18s stack positions out of 10000i,1000n,20000p,200000b,200000s
C:\Users\micha\AppData\Local\Programs\MiKTeX\tex/latex/subfiles\subfiles.cls:45:  ==> Fatal error occurred, no output PDF file produced!
